<?xml version="1.0" encoding="UTF-8"?>
<testng-results skipped="0" failed="0" ignored="0" total="2" passed="2">
  <reporter-output>
  </reporter-output>
  <suite name="Guru99BankV1" duration-ms="62671" started-at="2019-07-21T03:00:59Z" finished-at="2019-07-21T03:02:02Z">
    <groups>
    </groups>
    <test name="BankingApp Test" duration-ms="62671" started-at="2019-07-21T03:00:59Z" finished-at="2019-07-21T03:02:02Z">
      <class name="com.guru99bank.testCases.TC_LoginTest_001">
        <test-method status="PASS" signature="setup(java.lang.String)[pri:0, instance:com.guru99bank.testCases.TC_LoginTest_001@506e6d5e]" name="setup" is-config="true" duration-ms="25229" started-at="2019-07-21T03:00:59Z" finished-at="2019-07-21T03:01:25Z">
          <params>
            <param index="0">
              <value>
                <![CDATA[chrome]]>
              </value>
            </param>
          </params>
          <reporter-output>
          </reporter-output>
        </test-method> <!-- setup -->
        <test-method status="PASS" signature="loginTest()[pri:0, instance:com.guru99bank.testCases.TC_LoginTest_001@506e6d5e]" name="loginTest" duration-ms="3223" started-at="2019-07-21T03:01:25Z" finished-at="2019-07-21T03:01:28Z">
          <reporter-output>
          </reporter-output>
        </test-method> <!-- loginTest -->
        <test-method status="PASS" signature="tearDown()[pri:0, instance:com.guru99bank.testCases.TC_LoginTest_001@506e6d5e]" name="tearDown" is-config="true" duration-ms="651" started-at="2019-07-21T03:01:28Z" finished-at="2019-07-21T03:01:29Z">
          <reporter-output>
          </reporter-output>
        </test-method> <!-- tearDown -->
      </class> <!-- com.guru99bank.testCases.TC_LoginTest_001 -->
      <class name="com.guru99bank.testCases.TC_AddCustomerTest_003">
        <test-method status="PASS" signature="setup(java.lang.String)[pri:0, instance:com.guru99bank.testCases.TC_AddCustomerTest_003@96532d6]" name="setup" is-config="true" duration-ms="15712" started-at="2019-07-21T03:01:29Z" finished-at="2019-07-21T03:01:44Z">
          <params>
            <param index="0">
              <value>
                <![CDATA[chrome]]>
              </value>
            </param>
          </params>
          <reporter-output>
          </reporter-output>
        </test-method> <!-- setup -->
        <test-method status="PASS" signature="addNewCustomer()[pri:0, instance:com.guru99bank.testCases.TC_AddCustomerTest_003@96532d6]" name="addNewCustomer" duration-ms="16434" started-at="2019-07-21T03:01:44Z" finished-at="2019-07-21T03:02:01Z">
          <reporter-output>
          </reporter-output>
        </test-method> <!-- addNewCustomer -->
        <test-method status="PASS" signature="tearDown()[pri:0, instance:com.guru99bank.testCases.TC_AddCustomerTest_003@96532d6]" name="tearDown" is-config="true" duration-ms="1072" started-at="2019-07-21T03:02:01Z" finished-at="2019-07-21T03:02:02Z">
          <reporter-output>
          </reporter-output>
        </test-method> <!-- tearDown -->
      </class> <!-- com.guru99bank.testCases.TC_AddCustomerTest_003 -->
    </test> <!-- BankingApp Test -->
  </suite> <!-- Guru99BankV1 -->
</testng-results>
