<?xml version="1.0" encoding="UTF-8"?>
<testng-results skipped="0" failed="0" ignored="0" total="1" passed="1">
  <reporter-output>
  </reporter-output>
  <suite name="Failed suite [Failed suite [Guru99BankV1]]" duration-ms="16162" started-at="2019-07-18T01:22:44Z" finished-at="2019-07-18T01:23:01Z">
    <groups>
    </groups>
    <test name="BankingApp Test(failed)(failed)" duration-ms="16162" started-at="2019-07-18T01:22:44Z" finished-at="2019-07-18T01:23:01Z">
      <class name="com.guru99bank.testCases.TC_LoginTest_001">
        <test-method status="PASS" signature="setup(java.lang.String)[pri:0, instance:com.guru99bank.testCases.TC_LoginTest_001@57baeedf]" name="setup" is-config="true" duration-ms="12734" started-at="2019-07-18T01:22:45Z" finished-at="2019-07-18T01:22:58Z">
          <params>
            <param index="0">
              <value>
                <![CDATA[chrome]]>
              </value>
            </param>
          </params>
          <reporter-output>
          </reporter-output>
        </test-method> <!-- setup -->
        <test-method status="PASS" signature="loginTest()[pri:0, instance:com.guru99bank.testCases.TC_LoginTest_001@57baeedf]" name="loginTest" duration-ms="2159" started-at="2019-07-18T01:22:58Z" finished-at="2019-07-18T01:23:00Z">
          <reporter-output>
          </reporter-output>
        </test-method> <!-- loginTest -->
        <test-method status="PASS" signature="tearDown()[pri:0, instance:com.guru99bank.testCases.TC_LoginTest_001@57baeedf]" name="tearDown" is-config="true" duration-ms="914" started-at="2019-07-18T01:23:00Z" finished-at="2019-07-18T01:23:01Z">
          <reporter-output>
          </reporter-output>
        </test-method> <!-- tearDown -->
      </class> <!-- com.guru99bank.testCases.TC_LoginTest_001 -->
    </test> <!-- BankingApp Test(failed)(failed) -->
  </suite> <!-- Failed suite [Failed suite [Guru99BankV1]] -->
</testng-results>
