<?xml version="1.0" encoding="UTF-8"?>
<!-- Generated by org.testng.reporters.JUnitXMLReporter -->
<testsuite hostname="SRINIVAS-PC" ignored="0" name="BankingApp Test" tests="2" failures="0" timestamp="21 Jul 2019 03:02:03 GMT" time="62.671" errors="0">
  <testcase name="loginTest" time="3.223" classname="com.guru99bank.testCases.TC_LoginTest_001"/>
  <testcase name="addNewCustomer" time="16.434" classname="com.guru99bank.testCases.TC_AddCustomerTest_003"/>
</testsuite> <!-- BankingApp Test -->
